<?xml version="1.0" encoding="UTF-8"?>
<testsuite name="pl.edu.pjwstk.jaz.LoginRegister.AdminTest" tests="5" skipped="0" failures="0" errors="0" timestamp="2021-02-10T16:23:56" hostname="DESKTOP-GFTNV90" time="0.477">
  <properties/>
  <testcase name="adminLoginOnUserPage" classname="pl.edu.pjwstk.jaz.LoginRegister.AdminTest" time="0.177"/>
  <testcase name="adminRegisterTest" classname="pl.edu.pjwstk.jaz.LoginRegister.AdminTest" time="0.019"/>
  <testcase name="adminLoginOnIsReadyPage" classname="pl.edu.pjwstk.jaz.LoginRegister.AdminTest" time="0.099"/>
  <testcase name="adminLoginTest" classname="pl.edu.pjwstk.jaz.LoginRegister.AdminTest" time="0.083"/>
  <testcase name="adminLoginOnAdminPage" classname="pl.edu.pjwstk.jaz.LoginRegister.AdminTest" time="0.097"/>
  <system-out><![CDATA[2021-02-10 17:23:56.069  INFO 2608 --- [    Test worker] .b.t.c.SpringBootTestContextBootstrapper : Neither @ContextConfiguration nor @ContextHierarchy found for test class [pl.edu.pjwstk.jaz.LoginRegister.AdminTest], using SpringBootContextLoader
2021-02-10 17:23:56.070  INFO 2608 --- [    Test worker] o.s.t.c.support.AbstractContextLoader    : Could not detect default resource locations for test class [pl.edu.pjwstk.jaz.LoginRegister.AdminTest]: no resource found for suffixes {-context.xml, Context.groovy}.
2021-02-10 17:23:56.070  INFO 2608 --- [    Test worker] t.c.s.AnnotationConfigContextLoaderUtils : Could not detect default configuration classes for test class [pl.edu.pjwstk.jaz.LoginRegister.AdminTest]: AdminTest does not declare any static, non-private, non-final, nested classes annotated with @Configuration.
2021-02-10 17:23:56.082  INFO 2608 --- [    Test worker] .b.t.c.SpringBootTestContextBootstrapper : Found @SpringBootConfiguration pl.edu.pjwstk.jaz.App for test class pl.edu.pjwstk.jaz.LoginRegister.AdminTest
2021-02-10 17:23:56.084  INFO 2608 --- [    Test worker] .b.t.c.SpringBootTestContextBootstrapper : Loaded default TestExecutionListener class names from location [META-INF/spring.factories]: [org.springframework.boot.test.autoconfigure.restdocs.RestDocsTestExecutionListener, org.springframework.boot.test.autoconfigure.web.client.MockRestServiceServerResetTestExecutionListener, org.springframework.boot.test.autoconfigure.web.servlet.MockMvcPrintOnlyOnFailureTestExecutionListener, org.springframework.boot.test.autoconfigure.web.servlet.WebDriverTestExecutionListener, org.springframework.boot.test.autoconfigure.webservices.client.MockWebServiceServerTestExecutionListener, org.springframework.boot.test.mock.mockito.MockitoTestExecutionListener, org.springframework.boot.test.mock.mockito.ResetMocksTestExecutionListener, org.springframework.test.context.web.ServletTestExecutionListener, org.springframework.test.context.support.DirtiesContextBeforeModesTestExecutionListener, org.springframework.test.context.support.DependencyInjectionTestExecutionListener, org.springframework.test.context.support.DirtiesContextTestExecutionListener, org.springframework.test.context.transaction.TransactionalTestExecutionListener, org.springframework.test.context.jdbc.SqlScriptsTestExecutionListener, org.springframework.test.context.event.EventPublishingTestExecutionListener]
2021-02-10 17:23:56.085  INFO 2608 --- [    Test worker] .b.t.c.SpringBootTestContextBootstrapper : Using TestExecutionListeners: [org.springframework.test.context.web.ServletTestExecutionListener@21bc572, org.springframework.test.context.support.DirtiesContextBeforeModesTestExecutionListener@733b3532, org.springframework.boot.test.mock.mockito.MockitoTestExecutionListener@74c15501, org.springframework.boot.test.autoconfigure.SpringBootDependencyInjectionTestExecutionListener@7e04dd78, org.springframework.test.context.support.DirtiesContextTestExecutionListener@22e8b79f, org.springframework.test.context.transaction.TransactionalTestExecutionListener@8d09455, org.springframework.test.context.jdbc.SqlScriptsTestExecutionListener@76c7a113, org.springframework.test.context.event.EventPublishingTestExecutionListener@2e705dae, org.springframework.boot.test.autoconfigure.restdocs.RestDocsTestExecutionListener@49c343b0, org.springframework.boot.test.autoconfigure.web.client.MockRestServiceServerResetTestExecutionListener@453d14e1, org.springframework.boot.test.autoconfigure.web.servlet.MockMvcPrintOnlyOnFailureTestExecutionListener@eb9ea6c, org.springframework.boot.test.autoconfigure.web.servlet.WebDriverTestExecutionListener@22885b38, org.springframework.boot.test.autoconfigure.webservices.client.MockWebServiceServerTestExecutionListener@7185521a, org.springframework.boot.test.mock.mockito.ResetMocksTestExecutionListener@5cb2dad7, pl.edu.pjwstk.jaz.RestassuredPortListener@1d99a1a7, pl.edu.pjwstk.jaz.TestContextHolder@7d2868b7]
0
role Everyone
role Admin
add adminpl.edu.pjwstk.jaz.DataBase.UserEntity@1e934b08
1
]]></system-out>
  <system-err><![CDATA[]]></system-err>
</testsuite>
