<?xml version="1.0" encoding="UTF-8"?>
<testsuite name="pl.edu.pjwstk.jaz.LoginRegister.UserTest" tests="5" skipped="0" failures="0" errors="0" timestamp="2021-02-10T16:23:57" hostname="DESKTOP-GFTNV90" time="0.382">
  <properties/>
  <testcase name="adminRegisterTest" classname="pl.edu.pjwstk.jaz.LoginRegister.UserTest" time="0.016"/>
  <testcase name="userLoginOnAdminPage" classname="pl.edu.pjwstk.jaz.LoginRegister.UserTest" time="0.089"/>
  <testcase name="userLoginTest" classname="pl.edu.pjwstk.jaz.LoginRegister.UserTest" time="0.083"/>
  <testcase name="userLoginOnUserPage" classname="pl.edu.pjwstk.jaz.LoginRegister.UserTest" time="0.095"/>
  <testcase name="userLoginOnIsReadyPage" classname="pl.edu.pjwstk.jaz.LoginRegister.UserTest" time="0.097"/>
  <system-out><![CDATA[2021-02-10 17:23:57.182  INFO 2608 --- [    Test worker] .b.t.c.SpringBootTestContextBootstrapper : Neither @ContextConfiguration nor @ContextHierarchy found for test class [pl.edu.pjwstk.jaz.LoginRegister.UserTest], using SpringBootContextLoader
2021-02-10 17:23:57.183  INFO 2608 --- [    Test worker] o.s.t.c.support.AbstractContextLoader    : Could not detect default resource locations for test class [pl.edu.pjwstk.jaz.LoginRegister.UserTest]: no resource found for suffixes {-context.xml, Context.groovy}.
2021-02-10 17:23:57.184  INFO 2608 --- [    Test worker] t.c.s.AnnotationConfigContextLoaderUtils : Could not detect default configuration classes for test class [pl.edu.pjwstk.jaz.LoginRegister.UserTest]: UserTest does not declare any static, non-private, non-final, nested classes annotated with @Configuration.
2021-02-10 17:23:57.185  INFO 2608 --- [    Test worker] .b.t.c.SpringBootTestContextBootstrapper : Found @SpringBootConfiguration pl.edu.pjwstk.jaz.App for test class pl.edu.pjwstk.jaz.LoginRegister.UserTest
2021-02-10 17:23:57.186  INFO 2608 --- [    Test worker] .b.t.c.SpringBootTestContextBootstrapper : Loaded default TestExecutionListener class names from location [META-INF/spring.factories]: [org.springframework.boot.test.autoconfigure.restdocs.RestDocsTestExecutionListener, org.springframework.boot.test.autoconfigure.web.client.MockRestServiceServerResetTestExecutionListener, org.springframework.boot.test.autoconfigure.web.servlet.MockMvcPrintOnlyOnFailureTestExecutionListener, org.springframework.boot.test.autoconfigure.web.servlet.WebDriverTestExecutionListener, org.springframework.boot.test.autoconfigure.webservices.client.MockWebServiceServerTestExecutionListener, org.springframework.boot.test.mock.mockito.MockitoTestExecutionListener, org.springframework.boot.test.mock.mockito.ResetMocksTestExecutionListener, org.springframework.test.context.web.ServletTestExecutionListener, org.springframework.test.context.support.DirtiesContextBeforeModesTestExecutionListener, org.springframework.test.context.support.DependencyInjectionTestExecutionListener, org.springframework.test.context.support.DirtiesContextTestExecutionListener, org.springframework.test.context.transaction.TransactionalTestExecutionListener, org.springframework.test.context.jdbc.SqlScriptsTestExecutionListener, org.springframework.test.context.event.EventPublishingTestExecutionListener]
2021-02-10 17:23:57.187  INFO 2608 --- [    Test worker] .b.t.c.SpringBootTestContextBootstrapper : Using TestExecutionListeners: [org.springframework.test.context.web.ServletTestExecutionListener@31c8f1ca, org.springframework.test.context.support.DirtiesContextBeforeModesTestExecutionListener@11a2223a, org.springframework.boot.test.mock.mockito.MockitoTestExecutionListener@dfeaabf, org.springframework.boot.test.autoconfigure.SpringBootDependencyInjectionTestExecutionListener@53482a25, org.springframework.test.context.support.DirtiesContextTestExecutionListener@2578c727, org.springframework.test.context.transaction.TransactionalTestExecutionListener@25cb8240, org.springframework.test.context.jdbc.SqlScriptsTestExecutionListener@5d187f14, org.springframework.test.context.event.EventPublishingTestExecutionListener@4f136f90, org.springframework.boot.test.autoconfigure.restdocs.RestDocsTestExecutionListener@2cb1d8aa, org.springframework.boot.test.autoconfigure.web.client.MockRestServiceServerResetTestExecutionListener@551196fe, org.springframework.boot.test.autoconfigure.web.servlet.MockMvcPrintOnlyOnFailureTestExecutionListener@4b6fb397, org.springframework.boot.test.autoconfigure.web.servlet.WebDriverTestExecutionListener@1fd43a85, org.springframework.boot.test.autoconfigure.webservices.client.MockWebServiceServerTestExecutionListener@3d82d55d, org.springframework.boot.test.mock.mockito.ResetMocksTestExecutionListener@647d0275, pl.edu.pjwstk.jaz.RestassuredPortListener@52b8e666, pl.edu.pjwstk.jaz.TestContextHolder@6c86eea6]
1
1
role Everyone
role User
add userpl.edu.pjwstk.jaz.DataBase.UserEntity@50bb33f2
2
]]></system-out>
  <system-err><![CDATA[]]></system-err>
</testsuite>
